0 info it worked if it ends with ok
1 verbose cli [ '/home/erandir/.nvm/versions/node/v6.11.2/bin/node',
1 verbose cli   '/home/erandir/.nvm/versions/node/v6.11.2/bin/npm',
1 verbose cli   'run',
1 verbose cli   'watch' ]
2 info using npm@3.10.10
3 info using node@v6.11.2
4 verbose run-script [ 'prewatch', 'watch', 'postwatch' ]
5 info lifecycle modulo-13@1.0.0~prewatch: modulo-13@1.0.0
6 silly lifecycle modulo-13@1.0.0~prewatch: no script for prewatch, continuing
7 info lifecycle modulo-13@1.0.0~watch: modulo-13@1.0.0
8 verbose lifecycle modulo-13@1.0.0~watch: unsafe-perm in lifecycle true
9 verbose lifecycle modulo-13@1.0.0~watch: PATH: /home/erandir/.nvm/versions/node/v6.11.2/lib/node_modules/npm/bin/node-gyp-bin:/var/www/html/curso-javascript-moderno-es6/modulo-13/node_modules/.bin:/home/erandir/.nvm/versions/node/v6.11.2/bin:/home/erandir/bin:/home/erandir/.local/bin:/usr/local/sbin:/usr/local/bin:/usr/sbin:/usr/bin:/sbin:/bin:/usr/games:/usr/local/games:/snap/bin:/usr/lib/jvm/java-8-oracle/bin:/usr/lib/jvm/java-8-oracle/db/bin:/usr/lib/jvm/java-8-oracle/jre/bin:/home/erandir/Android/Sdk/tools:/opt/gradle/gradle-3.4.1/bin:/home/erandir/Android/Sdk/tools:/opt/gradle/gradle-3.4.1/bin
10 verbose lifecycle modulo-13@1.0.0~watch: CWD: /var/www/html/curso-javascript-moderno-es6/modulo-13
11 silly lifecycle modulo-13@1.0.0~watch: Args: [ '-c', 'npm run build -- --watch' ]
12 silly lifecycle modulo-13@1.0.0~watch: Returned: code: 1  signal: null
13 info lifecycle modulo-13@1.0.0~watch: Failed to exec watch script
14 verbose stack Error: modulo-13@1.0.0 watch: `npm run build -- --watch`
14 verbose stack Exit status 1
14 verbose stack     at EventEmitter.<anonymous> (/home/erandir/.nvm/versions/node/v6.11.2/lib/node_modules/npm/lib/utils/lifecycle.js:255:16)
14 verbose stack     at emitTwo (events.js:106:13)
14 verbose stack     at EventEmitter.emit (events.js:191:7)
14 verbose stack     at ChildProcess.<anonymous> (/home/erandir/.nvm/versions/node/v6.11.2/lib/node_modules/npm/lib/utils/spawn.js:40:14)
14 verbose stack     at emitTwo (events.js:106:13)
14 verbose stack     at ChildProcess.emit (events.js:191:7)
14 verbose stack     at maybeClose (internal/child_process.js:891:16)
14 verbose stack     at Process.ChildProcess._handle.onexit (internal/child_process.js:226:5)
15 verbose pkgid modulo-13@1.0.0
16 verbose cwd /var/www/html/curso-javascript-moderno-es6/modulo-13
17 error Linux 4.13.0-43-generic
18 error argv "/home/erandir/.nvm/versions/node/v6.11.2/bin/node" "/home/erandir/.nvm/versions/node/v6.11.2/bin/npm" "run" "watch"
19 error node v6.11.2
20 error npm  v3.10.10
21 error code ELIFECYCLE
22 error modulo-13@1.0.0 watch: `npm run build -- --watch`
22 error Exit status 1
23 error Failed at the modulo-13@1.0.0 watch script 'npm run build -- --watch'.
23 error Make sure you have the latest version of node.js and npm installed.
23 error If you do, this is most likely a problem with the modulo-13 package,
23 error not with npm itself.
23 error Tell the author that this fails on your system:
23 error     npm run build -- --watch
23 error You can get information on how to open an issue for this project with:
23 error     npm bugs modulo-13
23 error Or if that isn't available, you can get their info via:
23 error     npm owner ls modulo-13
23 error There is likely additional logging output above.
24 verbose exit [ 1, true ]
